<?xml version="1.0" encoding="UTF-8"?>
<!-- Generated by org.testng.reporters.JUnitReportReporter -->
<testsuite hostname="Mac" failures="0" tests="6" name="com.automation.tests.amazon.AmazonTest" time="0.347" errors="1" timestamp="2025-07-19T21:11:36 EDT" skipped="5">
  <testcase classname="com.automation.tests.amazon.AmazonTest" name="testProductSearch" time="0.000">
    <skipped/>
  </testcase> <!-- testProductSearch -->
  <testcase classname="com.automation.tests.amazon.AmazonTest" name="testProductDetails" time="0.000">
    <skipped/>
  </testcase> <!-- testProductDetails -->
  <testcase classname="com.automation.tests.amazon.AmazonTest" name="testCartAccess" time="0.000">
    <skipped/>
  </testcase> <!-- testCartAccess -->
  <testcase classname="com.automation.tests.amazon.AmazonTest" name="setUp" time="0.347">
    <error message="&#039;java.lang.String org.apache.commons.io.IOUtils.toString(java.io.InputStream, java.nio.charset.Charset)&#039;" type="java.lang.NoSuchMethodError">
      <![CDATA[java.lang.NoSuchMethodError: 'java.lang.String org.apache.commons.io.IOUtils.toString(java.io.InputStream, java.nio.charset.Charset)'
at io.github.bonigarcia.wdm.versions.VersionDetector.getProperties(VersionDetector.java:350)
at io.github.bonigarcia.wdm.versions.VersionDetector.getBrowserVersionFromTheShell(VersionDetector.java:249)
at io.github.bonigarcia.wdm.WebDriverManager.getBrowserVersionFromTheShell(WebDriverManager.java:1334)
at io.github.bonigarcia.wdm.WebDriverManager.detectBrowserVersion(WebDriverManager.java:1354)
at io.github.bonigarcia.wdm.WebDriverManager.resolveDriverVersion(WebDriverManager.java:1205)
at io.github.bonigarcia.wdm.WebDriverManager.manage(WebDriverManager.java:1155)
at io.github.bonigarcia.wdm.WebDriverManager.setup(WebDriverManager.java:427)
at com.automation.base.BaseTest.initializeDriver(BaseTest.java:60)
at com.automation.base.BaseTest.setUp(BaseTest.java:35)
at java.base/jdk.internal.reflect.DirectMethodHandleAccessor.invoke(DirectMethodHandleAccessor.java:103)
at java.base/java.lang.reflect.Method.invoke(Method.java:580)
at org.testng.internal.invokers.MethodInvocationHelper.invokeMethod(MethodInvocationHelper.java:141)
at org.testng.internal.invokers.MethodInvocationHelper.invokeMethodConsideringTimeout(MethodInvocationHelper.java:71)
at org.testng.internal.invokers.ConfigInvoker.invokeConfigurationMethod(ConfigInvoker.java:400)
at org.testng.internal.invokers.ConfigInvoker.invokeConfigurations(ConfigInvoker.java:333)
at org.testng.internal.invokers.TestInvoker.runConfigMethods(TestInvoker.java:833)
at org.testng.internal.invokers.TestInvoker.invokeMethod(TestInvoker.java:600)
at org.testng.internal.invokers.TestInvoker.invokeTestMethod(TestInvoker.java:230)
at org.testng.internal.invokers.MethodRunner.runInSequence(MethodRunner.java:63)
at org.testng.internal.invokers.TestInvoker$MethodInvocationAgent.invoke(TestInvoker.java:992)
at org.testng.internal.invokers.TestInvoker.invokeTestMethods(TestInvoker.java:203)
at org.testng.internal.invokers.TestMethodWorker.invokeTestMethods(TestMethodWorker.java:154)
at org.testng.internal.invokers.TestMethodWorker.run(TestMethodWorker.java:134)
at java.base/java.util.ArrayList.forEach(ArrayList.java:1596)
at org.testng.TestRunner.privateRun(TestRunner.java:739)
at org.testng.TestRunner.run(TestRunner.java:614)
at org.testng.SuiteRunner.runTest(SuiteRunner.java:421)
at org.testng.SuiteRunner.runSequentially(SuiteRunner.java:413)
at org.testng.SuiteRunner.privateRun(SuiteRunner.java:373)
at org.testng.SuiteRunner.run(SuiteRunner.java:312)
at org.testng.SuiteRunnerWorker.runSuite(SuiteRunnerWorker.java:52)
at org.testng.SuiteRunnerWorker.run(SuiteRunnerWorker.java:95)
at org.testng.TestNG.runSuitesSequentially(TestNG.java:1274)
at org.testng.TestNG.runSuitesLocally(TestNG.java:1208)
at org.testng.TestNG.runSuites(TestNG.java:1112)
at org.testng.TestNG.run(TestNG.java:1079)
at org.testng.remote.AbstractRemoteTestNG.run(AbstractRemoteTestNG.java:115)
at org.testng.remote.RemoteTestNG.initAndRun(RemoteTestNG.java:293)
at org.testng.remote.RemoteTestNG.main(RemoteTestNG.java:91)
]]>
    </error>
  </testcase> <!-- setUp -->
  <testcase classname="com.automation.tests.amazon.AmazonTest" name="testSearchSorting" time="0.000">
    <skipped/>
  </testcase> <!-- testSearchSorting -->
  <testcase classname="com.automation.tests.amazon.AmazonTest" name="testAmazonHomepageLoads" time="0.000">
    <skipped/>
  </testcase> <!-- testAmazonHomepageLoads -->
</testsuite> <!-- com.automation.tests.amazon.AmazonTest -->
